==11333== NVPROF is profiling process 11333, command: ../bin/gpu
==11333== Some kernel(s) will be replayed on device 0 in order to collect all events/metrics.
==11333== Profiling application: ../bin/gpu
==11333== Profiling result:
==11333== Metric result:
Invocations                               Metric Name                                                    Metric Description         Min         Max         Avg
Device "NVIDIA Tegra X1 (0)"
    Kernel: abc_algo(void)
          1                             sm_efficiency                                               Multiprocessor Activity      99.98%      99.98%      99.98%
          1                        achieved_occupancy                                                    Achieved Occupancy    0.124997    0.124997    0.124997
          1                                       ipc                                                          Executed IPC    0.546676    0.546676    0.546676
          1                                issued_ipc                                                            Issued IPC    0.546512    0.546512    0.546512
          1                             inst_per_warp                                                 Instructions per warp  6.8087e+05  6.8087e+05  6.8087e+05
          1                         branch_efficiency                                                     Branch Efficiency      99.63%      99.63%      99.63%
          1                 warp_execution_efficiency                                             Warp Execution Efficiency      81.56%      81.56%      81.56%
          1         warp_nonpred_execution_efficiency                              Warp Non-Predicated Execution Efficiency      79.39%      79.39%      79.39%
          1                      inst_replay_overhead                                           Instruction Replay Overhead    0.000065    0.000065    0.000065
          1                    issue_slot_utilization                                                Issue Slot Utilization      12.04%      12.04%      12.04%
          1      shared_load_transactions_per_request                           Shared Memory Load Transactions Per Request    1.010161    1.010161    1.010161
          1     shared_store_transactions_per_request                          Shared Memory Store Transactions Per Request    1.198861    1.198861    1.198861
          1       local_load_transactions_per_request                            Local Memory Load Transactions Per Request    6.289254    6.289254    6.289254
          1      local_store_transactions_per_request                           Local Memory Store Transactions Per Request    3.794573    3.794573    3.794573
          1              gst_transactions_per_request                                 Global Store Transactions Per Request   14.340950   14.340950   14.340950
          1                 shared_store_transactions                                             Shared Store Transactions       20630       20630       20630
          1                  shared_load_transactions                                              Shared Load Transactions      581488      581488      581488
          1                   local_load_transactions                                               Local Load Transactions       70817       70817       70817
          1                  local_store_transactions                                              Local Store Transactions       30903       30903       30903
          1                          gst_transactions                                             Global Store Transactions      311394      311394      311394
          1                           global_hit_rate                                     Global Hit Rate in unified l1/tex       4.29%       4.29%       4.29%
          1                            local_hit_rate                                                        Local Hit Rate      46.20%      46.20%      46.20%
          1                  gld_requested_throughput                                      Requested Global Load Throughput  249.61MB/s  249.61MB/s  249.61MB/s
          1                  gst_requested_throughput                                     Requested Global Store Throughput  215.07MB/s  215.07MB/s  215.07MB/s
          1                            gld_throughput                                                Global Load Throughput  902.97MB/s  902.97MB/s  902.97MB/s
          1                            gst_throughput                                               Global Store Throughput  873.99MB/s  873.99MB/s  873.99MB/s
          1                      tex_cache_throughput                                              Unified Cache Throughput  464.45MB/s  464.45MB/s  464.45MB/s
          1                     local_load_throughput                                          Local Memory Load Throughput  198.76MB/s  198.76MB/s  198.76MB/s
          1                    local_store_throughput                                         Local Memory Store Throughput  86.736MB/s  86.736MB/s  86.736MB/s
          1                    shared_load_throughput                                         Shared Memory Load Throughput  6.3753GB/s  6.3753GB/s  6.3753GB/s
          1                   shared_store_throughput                                        Shared Memory Store Throughput  231.61MB/s  231.61MB/s  231.61MB/s
          1                            gld_efficiency                                         Global Memory Load Efficiency      27.64%      27.64%      27.64%
          1                            gst_efficiency                                        Global Memory Store Efficiency      24.61%      24.61%      24.61%
          1                    tex_cache_transactions                                            Unified Cache Transactions      165477      165477      165477
          1                         cf_fu_utilization                                Control-Flow Function Unit Utilization     Low (1)     Low (1)     Low (1)
          1                        tex_fu_utilization                                     Texture Function Unit Utilization     Low (1)     Low (1)     Low (1)
          1                       ldst_fu_utilization                                  Load/Store Function Unit Utilization     Low (1)     Low (1)     Low (1)
          1           double_precision_fu_utilization                            Double-Precision Function Unit Utilization     Low (1)     Low (1)     Low (1)
          1                    special_fu_utilization                                     Special Function Unit Utilization     Low (1)     Low (1)     Low (1)
          1           single_precision_fu_utilization                            Single-Precision Function Unit Utilization     Low (1)     Low (1)     Low (1)
          1                             flop_count_dp                           Floating Point Operations(Double Precision)       99453       99453       99453
          1                         flop_count_dp_add                       Floating Point Operations(Double Precision Add)       66302       66302       66302
          1                         flop_count_dp_fma                       Floating Point Operations(Double Precision FMA)           0           0           0
          1                         flop_count_dp_mul                       Floating Point Operations(Double Precision Mul)       33151       33151       33151
          1                             flop_count_sp                           Floating Point Operations(Single Precision)    14002236    14002236    14002236
          1                         flop_count_sp_add                       Floating Point Operations(Single Precision Add)    10487876    10487876    10487876
          1                         flop_count_sp_fma                       Floating Point Operations(Single Precision FMA)     1185361     1185361     1185361
          1                         flop_count_sp_mul                        Floating Point Operation(Single Precision Mul)     1143638     1143638     1143638
          1                     flop_count_sp_special                   Floating Point Operations(Single Precision Special)      593908      593908      593908
          1                             inst_executed                                                 Instructions Executed     5446817     5446817     5446817
          1                               inst_issued                                                   Instructions Issued     5447958     5447958     5447958
          1                           tex_utilization                                             Unified Cache Utilization     Low (1)     Low (1)     Low (1)
          1                         shared_efficiency                                              Shared Memory Efficiency       4.04%       4.04%       4.04%
          1                        shared_utilization                                             Shared Memory Utilization     Low (1)     Low (1)     Low (1)
          1                                inst_fp_32                                               FP Instructions(Single)    22038129    22038129    22038129
          1                                inst_fp_64                                               FP Instructions(Double)       99453       99453       99453
          1                              inst_integer                                                  Integer Instructions    64422749    64422749    64422749
          1                          inst_bit_convert                                              Bit-Convert Instructions     1771925     1771925     1771925
          1                              inst_control                                             Control-Flow Instructions    32112148    32112148    32112148
          1                        inst_compute_ld_st                                               Load/Store Instructions    16206962    16206962    16206962
          1                                 inst_misc                                                     Misc Instructions     2480732     2480732     2480732
          1           inst_inter_thread_communication                                             Inter-Thread Instructions         127         127         127
          1                               issue_slots                                                           Issue Slots     4801655     4801655     4801655
          1                                 cf_issued                                      Issued Control-Flow Instructions      960287      960287      960287
          1                               cf_executed                                    Executed Control-Flow Instructions      960287      960287      960287
          1                               ldst_issued                                        Issued Load/Store Instructions      850454      850454      850454
          1                             ldst_executed                                      Executed Load/Store Instructions      663422      663422      663422
          1                       atomic_transactions                                                   Atomic Transactions           0           0           0
          1           atomic_transactions_per_request                                       Atomic Transactions Per Request    0.000000    0.000000    0.000000
          1                inst_executed_global_loads                              Warp level instructions for global loads       22856       22856       22856
          1                 inst_executed_local_loads                               Warp level instructions for local loads       11260       11260       11260
          1                inst_executed_shared_loads                              Warp level instructions for shared loads      575639      575639      575639
          1               inst_executed_surface_loads                             Warp level instructions for surface loads           0           0           0
          1               inst_executed_global_stores                             Warp level instructions for global stores       21707       21707       21707
          1                inst_executed_local_stores                              Warp level instructions for local stores        8144        8144        8144
          1               inst_executed_shared_stores                             Warp level instructions for shared stores       17208       17208       17208
          1              inst_executed_surface_stores                            Warp level instructions for surface stores           0           0           0
          1              inst_executed_global_atomics                  Warp level instructions for global atom and atom cas           0           0           0
          1           inst_executed_global_reductions                         Warp level instructions for global reductions           0           0           0
          1             inst_executed_surface_atomics                 Warp level instructions for surface atom and atom cas           0           0           0
          1          inst_executed_surface_reductions                        Warp level instructions for surface reductions           0           0           0
          1              inst_executed_shared_atomics                  Warp level shared instructions for atom and atom CAS         528         528         528
          1                     inst_executed_tex_ops                                   Warp level instructions for texture           0           0           0
          1                      l2_global_load_bytes       Bytes read from L2 for misses in Unified Cache for global loads    10295168    10295168    10295168
          1                       l2_local_load_bytes        Bytes read from L2 for misses in Unified Cache for local loads     1221088     1221088     1221088
          1                     l2_surface_load_bytes      Bytes read from L2 for misses in Unified Cache for surface loads           0           0           0
          1               l2_local_global_store_bytes   Bytes written to L2 from Unified Cache for local and global stores.    10953504    10953504    10953504
          1                 l2_global_reduction_bytes          Bytes written to L2 from Unified cache for global reductions           0           0           0
          1              l2_global_atomic_store_bytes             Bytes written to L2 from Unified cache for global atomics           0           0           0
          1                    l2_surface_store_bytes            Bytes written to L2 from Unified Cache for surface stores.           0           0           0
          1                l2_surface_reduction_bytes         Bytes written to L2 from Unified Cache for surface reductions           0           0           0
          1             l2_surface_atomic_store_bytes    Bytes transferred between Unified Cache and L2 for surface atomics           0           0           0
          1                      global_load_requests              Total number of global load requests from Multiprocessor       78153       78153       78153
          1                       local_load_requests               Total number of local load requests from Multiprocessor       38100       38100       38100
          1                     surface_load_requests             Total number of surface load requests from Multiprocessor           0           0           0
          1                     global_store_requests             Total number of global store requests from Multiprocessor      105786      105786      105786
          1                      local_store_requests              Total number of local store requests from Multiprocessor       30923       30923       30923
          1                    surface_store_requests            Total number of surface store requests from Multiprocessor           0           0           0
          1                    global_atomic_requests            Total number of global atomic requests from Multiprocessor           0           0           0
          1                 global_reduction_requests         Total number of global reduction requests from Multiprocessor           0           0           0
          1                   surface_atomic_requests           Total number of surface atomic requests from Multiprocessor           0           0           0
          1                surface_reduction_requests        Total number of surface reduction requests from Multiprocessor           0           0           0
          1                     texture_load_requests             Total number of texture Load requests from Multiprocessor           0           0           0
          1                          stall_inst_fetch                              Issue Stall Reasons (Instructions Fetch)      19.82%      19.82%      19.82%
          1                     stall_exec_dependency                            Issue Stall Reasons (Execution Dependency)      48.21%      48.21%      48.21%
          1                   stall_memory_dependency                                    Issue Stall Reasons (Data Request)       6.14%       6.14%       6.14%
          1                             stall_texture                                         Issue Stall Reasons (Texture)       0.00%       0.00%       0.00%
          1                                stall_sync                                 Issue Stall Reasons (Synchronization)      22.74%      22.74%      22.74%
          1                               stall_other                                           Issue Stall Reasons (Other)       2.73%       2.73%       2.73%
          1          stall_constant_memory_dependency                              Issue Stall Reasons (Immediate constant)       0.01%       0.01%       0.01%
          1                           stall_pipe_busy                                       Issue Stall Reasons (Pipe Busy)       0.11%       0.11%       0.11%
          1                     stall_memory_throttle                                 Issue Stall Reasons (Memory Throttle)       0.00%       0.00%       0.00%
          1                        stall_not_selected                                    Issue Stall Reasons (Not Selected)       0.24%       0.24%       0.24%
          1                  sysmem_read_transactions                                       System Memory Read Transactions           0           0           0
          1                 sysmem_write_transactions                                      System Memory Write Transactions           0           0           0
          1                      l2_read_transactions                                                  L2 Read Transactions      389383      389383      389383
          1                     l2_write_transactions                                                 L2 Write Transactions      341740      341740      341740
          1                     local_memory_overhead                                                 Local Memory Overhead       9.84%       9.84%       9.84%
          1                        tex_cache_hit_rate                                                Unified Cache Hit Rate      10.08%      10.08%      10.08%
          1                    l2_tex_read_throughput                                         L2 Throughput (Texture Reads)  0.9864GB/s  0.9864GB/s  0.9864GB/s
          1                   l2_tex_write_throughput                                        L2 Throughput (Texture Writes)  960.55MB/s  960.55MB/s  960.55MB/s
          1                  l2_tex_read_transactions                                       L2 Transactions (Texture Reads)      359877      359877      359877
          1                 l2_tex_write_transactions                                      L2 Transactions (Texture Writes)      342233      342233      342233
          1                        l2_read_throughput                                                 L2 Throughput (Reads)  1.0673GB/s  1.0673GB/s  1.0673GB/s
          1                       l2_write_throughput                                                L2 Throughput (Writes)  959.16MB/s  959.16MB/s  959.16MB/s
          1                    sysmem_read_throughput                                         System Memory Read Throughput  0.00000B/s  0.00000B/s  0.00000B/s
          1                   sysmem_write_throughput                                        System Memory Write Throughput  0.00000B/s  0.00000B/s  0.00000B/s
          1                      l2_atomic_throughput                                       L2 Throughput (Atomic requests)  0.00000B/s  0.00000B/s  0.00000B/s
          1                    l2_atomic_transactions                                     L2 Transactions (Atomic requests)           0           0           0
          1                         sysmem_read_bytes                                              System Memory Read Bytes           0           0           0
          1                        sysmem_write_bytes                                             System Memory Write Bytes           0           0           0
          1                          gld_transactions                                              Global Load Transactions      510026      510026      510026
          1              gld_transactions_per_request                                  Global Load Transactions Per Request   22.314753   22.314753   22.314753
          1                            l2_utilization                                                  L2 Cache Utilization     Low (1)     Low (1)     Low (1)
          1                          dram_utilization                                             Device Memory Utilization     Mid (5)     Mid (5)     Mid (5)
          1                             flop_count_hp                             Floating Point Operations(Half Precision)           0           0           0
          1                         flop_count_hp_add                         Floating Point Operations(Half Precision Add)           0           0           0
          1                         flop_count_hp_fma                         Floating Point Operations(Half Precision FMA)           0           0           0
          1                         flop_count_hp_mul                          Floating Point Operation(Half Precision Mul)           0           0           0
          1                        flop_hp_efficiency                                            FLOP Efficiency(Peak Half)       0.00%       0.00%       0.00%
          1                                inst_fp_16                                                 HP Instructions(Half)           0           0           0
          1             half_precision_fu_utilization                              Half-Precision Function Unit Utilization    Idle (0)    Idle (0)    Idle (0)
          1                  eligible_warps_per_cycle                                       Eligible Warps Per Active Cycle    0.500020    0.500020    0.500020
          1                        flop_sp_efficiency                                          FLOP Efficiency(Peak Single)       0.70%       0.70%       0.70%
          1                        flop_dp_efficiency                                          FLOP Efficiency(Peak Double)       0.16%       0.16%       0.16%
    Kernel: setup_kernel(curandStateXORWOW*, int)
          1                             sm_efficiency                                               Multiprocessor Activity      99.27%      99.27%      99.27%
          1                        achieved_occupancy                                                    Achieved Occupancy    0.101040    0.101040    0.101040
          1                                       ipc                                                          Executed IPC    0.659045    0.659045    0.659045
          1                                issued_ipc                                                            Issued IPC    0.670557    0.670557    0.670557
          1                             inst_per_warp                                                 Instructions per warp  1.9044e+04  1.9044e+04  1.9044e+04
          1                         branch_efficiency                                                     Branch Efficiency      86.13%      86.13%      86.13%
          1                 warp_execution_efficiency                                             Warp Execution Efficiency      63.52%      63.52%      63.52%
          1         warp_nonpred_execution_efficiency                              Warp Non-Predicated Execution Efficiency      38.13%      38.13%      38.13%
          1                      inst_replay_overhead                                           Instruction Replay Overhead    0.000407    0.000407    0.000407
          1                    issue_slot_utilization                                                Issue Slot Utilization      11.33%      11.33%      11.33%
          1      shared_load_transactions_per_request                           Shared Memory Load Transactions Per Request    0.000000    0.000000    0.000000
          1     shared_store_transactions_per_request                          Shared Memory Store Transactions Per Request    0.000000    0.000000    0.000000
          1       local_load_transactions_per_request                            Local Memory Load Transactions Per Request   13.333333   13.333333   13.333333
          1      local_store_transactions_per_request                           Local Memory Store Transactions Per Request    7.356322    7.356322    7.356322
          1              gst_transactions_per_request                                 Global Store Transactions Per Request   32.000000   32.000000   32.000000
          1                 shared_store_transactions                                             Shared Store Transactions           0           0           0
          1                  shared_load_transactions                                              Shared Load Transactions           0           0           0
          1                   local_load_transactions                                               Local Load Transactions         320         320         320
          1                  local_store_transactions                                              Local Store Transactions        1280        1280        1280
          1                          gst_transactions                                             Global Store Transactions        2304        2304        2304
          1                           global_hit_rate                                     Global Hit Rate in unified l1/tex       0.00%       0.00%       0.00%
          1                            local_hit_rate                                                        Local Hit Rate      50.00%      50.00%      50.00%
          1                  gld_requested_throughput                                      Requested Global Load Throughput  501.16MB/s  501.16MB/s  501.16MB/s
          1                  gst_requested_throughput                                     Requested Global Store Throughput  41.088MB/s  41.088MB/s  41.088MB/s
          1                            gld_throughput                                                Global Load Throughput  3.9153GB/s  3.9153GB/s  3.9153GB/s
          1                            gst_throughput                                               Global Store Throughput  184.90MB/s  184.90MB/s  184.90MB/s
          1                      tex_cache_throughput                                              Unified Cache Throughput  13.725GB/s  13.725GB/s  13.725GB/s
          1                     local_load_throughput                                          Local Memory Load Throughput  25.680MB/s  25.680MB/s  25.680MB/s
          1                    local_store_throughput                                         Local Memory Store Throughput  102.72MB/s  102.72MB/s  102.72MB/s
          1                    shared_load_throughput                                         Shared Memory Load Throughput  0.00000B/s  0.00000B/s  0.00000B/s
          1                   shared_store_throughput                                        Shared Memory Store Throughput  0.00000B/s  0.00000B/s  0.00000B/s
          1                            gld_efficiency                                         Global Memory Load Efficiency      12.50%      12.50%      12.50%
          1                            gst_efficiency                                        Global Memory Store Efficiency      22.22%      22.22%      22.22%
          1                    tex_cache_transactions                                            Unified Cache Transactions      175135      175135      175135
          1                         cf_fu_utilization                                Control-Flow Function Unit Utilization     Low (1)     Low (1)     Low (1)
          1                        tex_fu_utilization                                     Texture Function Unit Utilization     Mid (4)     Mid (4)     Mid (4)
          1                       ldst_fu_utilization                                  Load/Store Function Unit Utilization     Low (1)     Low (1)     Low (1)
          1           double_precision_fu_utilization                            Double-Precision Function Unit Utilization    Idle (0)    Idle (0)    Idle (0)
          1                    special_fu_utilization                                     Special Function Unit Utilization    Idle (0)    Idle (0)    Idle (0)
          1           single_precision_fu_utilization                            Single-Precision Function Unit Utilization     Low (1)     Low (1)     Low (1)
          1                             flop_count_dp                           Floating Point Operations(Double Precision)           0           0           0
          1                         flop_count_dp_add                       Floating Point Operations(Double Precision Add)           0           0           0
          1                         flop_count_dp_fma                       Floating Point Operations(Double Precision FMA)           0           0           0
          1                         flop_count_dp_mul                       Floating Point Operations(Double Precision Mul)           0           0           0
          1                             flop_count_sp                           Floating Point Operations(Single Precision)           0           0           0
          1                         flop_count_sp_add                       Floating Point Operations(Single Precision Add)           0           0           0
          1                         flop_count_sp_fma                       Floating Point Operations(Single Precision FMA)           0           0           0
          1                         flop_count_sp_mul                        Floating Point Operation(Single Precision Mul)           0           0           0
          1                     flop_count_sp_special                   Floating Point Operations(Single Precision Special)           0           0           0
          1                             inst_executed                                                 Instructions Executed      152354      152354      152354
          1                               inst_issued                                                   Instructions Issued      152416      152416      152416
          1                           tex_utilization                                             Unified Cache Utilization     Mid (4)     Mid (4)     Mid (4)
          1                         shared_efficiency                                              Shared Memory Efficiency       0.00%       0.00%       0.00%
          1                        shared_utilization                                             Shared Memory Utilization    Idle (0)    Idle (0)    Idle (0)
          1                                inst_fp_32                                               FP Instructions(Single)           0           0           0
          1                                inst_fp_64                                               FP Instructions(Double)           0           0           0
          1                              inst_integer                                                  Integer Instructions      829423      829423      829423
          1                          inst_bit_convert                                              Bit-Convert Instructions           0           0           0
          1                              inst_control                                             Control-Flow Instructions        6658        6658        6658
          1                        inst_compute_ld_st                                               Load/Store Instructions      616595      616595      616595
          1                                 inst_misc                                                     Misc Instructions      406267      406267      406267
          1           inst_inter_thread_communication                                             Inter-Thread Instructions           0           0           0
          1                               issue_slots                                                           Issue Slots      103045      103045      103045
          1                                 cf_issued                                      Issued Control-Flow Instructions         358         358         358
          1                               cf_executed                                    Executed Control-Flow Instructions         358         358         358
          1                               ldst_issued                                        Issued Load/Store Instructions      176959      176959      176959
          1                             ldst_executed                                      Executed Load/Store Instructions       61102       61102       61102
          1                       atomic_transactions                                                   Atomic Transactions           0           0           0
          1           atomic_transactions_per_request                                       Atomic Transactions Per Request    0.000000    0.000000    0.000000
          1                inst_executed_global_loads                              Warp level instructions for global loads       60800       60800       60800
          1                 inst_executed_local_loads                               Warp level instructions for local loads          24          24          24
          1                inst_executed_shared_loads                              Warp level instructions for shared loads           0           0           0
          1               inst_executed_surface_loads                             Warp level instructions for surface loads           0           0           0
          1               inst_executed_global_stores                             Warp level instructions for global stores          72          72          72
          1                inst_executed_local_stores                              Warp level instructions for local stores         174         174         174
          1               inst_executed_shared_stores                             Warp level instructions for shared stores           0           0           0
          1              inst_executed_surface_stores                            Warp level instructions for surface stores           0           0           0
          1              inst_executed_global_atomics                  Warp level instructions for global atom and atom cas           0           0           0
          1           inst_executed_global_reductions                         Warp level instructions for global reductions           0           0           0
          1             inst_executed_surface_atomics                 Warp level instructions for surface atom and atom cas           0           0           0
          1          inst_executed_surface_reductions                        Warp level instructions for surface reductions           0           0           0
          1              inst_executed_shared_atomics                  Warp level shared instructions for atom and atom CAS           0           0           0
          1                     inst_executed_tex_ops                                   Warp level instructions for texture           0           0           0
          1                      l2_global_load_bytes       Bytes read from L2 for misses in Unified Cache for global loads     1598720     1598720     1598720
          1                       l2_local_load_bytes        Bytes read from L2 for misses in Unified Cache for local loads        5120        5120        5120
          1                     l2_surface_load_bytes      Bytes read from L2 for misses in Unified Cache for surface loads           0           0           0
          1               l2_local_global_store_bytes   Bytes written to L2 from Unified Cache for local and global stores.      114688      114688      114688
          1                 l2_global_reduction_bytes          Bytes written to L2 from Unified cache for global reductions           0           0           0
          1              l2_global_atomic_store_bytes             Bytes written to L2 from Unified cache for global atomics           0           0           0
          1                    l2_surface_store_bytes            Bytes written to L2 from Unified Cache for surface stores.           0           0           0
          1                l2_surface_reduction_bytes         Bytes written to L2 from Unified Cache for surface reductions           0           0           0
          1             l2_surface_atomic_store_bytes    Bytes transferred between Unified Cache and L2 for surface atomics           0           0           0
          1                      global_load_requests              Total number of global load requests from Multiprocessor      174975      174975      174975
          1                       local_load_requests               Total number of local load requests from Multiprocessor         160         160         160
          1                     surface_load_requests             Total number of surface load requests from Multiprocessor           0           0           0
          1                     global_store_requests             Total number of global store requests from Multiprocessor         512         512         512
          1                      local_store_requests              Total number of local store requests from Multiprocessor        1280        1280        1280
          1                    surface_store_requests            Total number of surface store requests from Multiprocessor           0           0           0
          1                    global_atomic_requests            Total number of global atomic requests from Multiprocessor           0           0           0
          1                 global_reduction_requests         Total number of global reduction requests from Multiprocessor           0           0           0
          1                   surface_atomic_requests           Total number of surface atomic requests from Multiprocessor           0           0           0
          1                surface_reduction_requests        Total number of surface reduction requests from Multiprocessor           0           0           0
          1                     texture_load_requests             Total number of texture Load requests from Multiprocessor           0           0           0
          1                          stall_inst_fetch                              Issue Stall Reasons (Instructions Fetch)       8.80%       8.80%       8.80%
          1                     stall_exec_dependency                            Issue Stall Reasons (Execution Dependency)      11.40%      11.40%      11.40%
          1                   stall_memory_dependency                                    Issue Stall Reasons (Data Request)      70.26%      70.26%      70.26%
          1                             stall_texture                                         Issue Stall Reasons (Texture)       1.79%       1.79%       1.79%
          1                                stall_sync                                 Issue Stall Reasons (Synchronization)       0.00%       0.00%       0.00%
          1                               stall_other                                           Issue Stall Reasons (Other)       6.84%       6.84%       6.84%
          1          stall_constant_memory_dependency                              Issue Stall Reasons (Immediate constant)       0.42%       0.42%       0.42%
          1                           stall_pipe_busy                                       Issue Stall Reasons (Pipe Busy)       0.04%       0.04%       0.04%
          1                     stall_memory_throttle                                 Issue Stall Reasons (Memory Throttle)       0.12%       0.12%       0.12%
          1                        stall_not_selected                                    Issue Stall Reasons (Not Selected)       0.33%       0.33%       0.33%
          1                  sysmem_read_transactions                                       System Memory Read Transactions           0           0           0
          1                 sysmem_write_transactions                                      System Memory Write Transactions           0           0           0
          1                      l2_read_transactions                                                  L2 Read Transactions       51106       51106       51106
          1                     l2_write_transactions                                                 L2 Write Transactions        3605        3605        3605
          1                     local_memory_overhead                                                 Local Memory Overhead       2.68%       2.68%       2.68%
          1                        tex_cache_hit_rate                                                Unified Cache Hit Rate      70.16%      70.16%      70.16%
          1                    l2_tex_read_throughput                                         L2 Throughput (Texture Reads)  3.9279GB/s  3.9279GB/s  3.9279GB/s
          1                   l2_tex_write_throughput                                        L2 Throughput (Texture Writes)  287.62MB/s  287.62MB/s  287.62MB/s
          1                  l2_tex_read_transactions                                       L2 Transactions (Texture Reads)       50120       50120       50120
          1                 l2_tex_write_transactions                                      L2 Transactions (Texture Writes)        3584        3584        3584
          1                        l2_read_throughput                                                 L2 Throughput (Reads)  4.0052GB/s  4.0052GB/s  4.0052GB/s
          1                       l2_write_throughput                                                L2 Throughput (Writes)  289.30MB/s  289.30MB/s  289.30MB/s
          1                    sysmem_read_throughput                                         System Memory Read Throughput  0.00000B/s  0.00000B/s  0.00000B/s
          1                   sysmem_write_throughput                                        System Memory Write Throughput  0.00000B/s  0.00000B/s  0.00000B/s
          1                      l2_atomic_throughput                                       L2 Throughput (Atomic requests)  0.00000B/s  0.00000B/s  0.00000B/s
          1                    l2_atomic_transactions                                     L2 Transactions (Atomic requests)           0           0           0
          1                         sysmem_read_bytes                                              System Memory Read Bytes           0           0           0
          1                        sysmem_write_bytes                                             System Memory Write Bytes           0           0           0
          1                          gld_transactions                                              Global Load Transactions      699902      699902      699902
          1              gld_transactions_per_request                                  Global Load Transactions Per Request   11.511546   11.511546   11.511546
          1                            l2_utilization                                                  L2 Cache Utilization     Low (1)     Low (1)     Low (1)
          1                          dram_utilization                                             Device Memory Utilization     Mid (6)     Mid (6)     Mid (6)
          1                             flop_count_hp                             Floating Point Operations(Half Precision)           0           0           0
          1                         flop_count_hp_add                         Floating Point Operations(Half Precision Add)           0           0           0
          1                         flop_count_hp_fma                         Floating Point Operations(Half Precision FMA)           0           0           0
          1                         flop_count_hp_mul                          Floating Point Operation(Half Precision Mul)           0           0           0
          1                        flop_hp_efficiency                                            FLOP Efficiency(Peak Half)       0.00%       0.00%       0.00%
          1                                inst_fp_16                                                 HP Instructions(Half)           0           0           0
          1             half_precision_fu_utilization                              Half-Precision Function Unit Utilization    Idle (0)    Idle (0)    Idle (0)
          1                  eligible_warps_per_cycle                                       Eligible Warps Per Active Cycle    0.471851    0.471851    0.471851
          1                        flop_sp_efficiency                                          FLOP Efficiency(Peak Single)       0.00%       0.00%       0.00%
          1                        flop_dp_efficiency                                          FLOP Efficiency(Peak Double)       0.00%       0.00%       0.00%
