==24806== NVPROF is profiling process 24806, command: ./../bin/gpu
==24806== Warning: Unified Memory Profiling is not supported on the underlying platform. System requirements for unified memory can be found at: http://docs.nvidia.com/cuda/cuda-c-programming-guide/index.html#um-requirements
==24806== Profiling application: ./../bin/gpu
==24806== Profiling result:
   Start  Duration  Name
158.92ms  3.3330us  cuDeviceGetCount
158.92ms  1.3540us  cuDeviceGetCount
158.98ms  1.9790us  cuDeviceGet
158.98ms  1.5630us  cuDeviceGetAttribute
159.00ms  1.3540us  cuDeviceGetAttribute
159.00ms  1.3540us  cuDeviceGetAttribute
159.16ms  2.0830us  cuDeviceGetCount
159.16ms  1.3540us  cuDeviceGet
159.16ms  2.2920us  cuDeviceGetName
159.17ms  11.199us  cuDeviceTotalMem
159.18ms  1.4580us  cuDeviceGetAttribute
159.18ms     989ns  cuDeviceGetAttribute
159.18ms  1.0930us  cuDeviceGetAttribute
159.19ms     938ns  cuDeviceGetAttribute
159.19ms  1.3020us  cuDeviceGetAttribute
159.19ms  1.7710us  cuDeviceGetAttribute
159.19ms  1.1460us  cuDeviceGetAttribute
159.20ms  1.0940us  cuDeviceGetAttribute
159.20ms  1.1980us  cuDeviceGetAttribute
159.20ms  1.0410us  cuDeviceGetAttribute
159.20ms  1.0940us  cuDeviceGetAttribute
159.20ms  1.1980us  cuDeviceGetAttribute
159.21ms  1.0940us  cuDeviceGetAttribute
159.21ms  1.1460us  cuDeviceGetAttribute
159.21ms  1.1460us  cuDeviceGetAttribute
159.21ms  1.0410us  cuDeviceGetAttribute
159.21ms  1.0940us  cuDeviceGetAttribute
159.22ms     938ns  cuDeviceGetAttribute
159.22ms  1.5110us  cuDeviceGetAttribute
159.22ms  1.1980us  cuDeviceGetAttribute
159.22ms     989ns  cuDeviceGetAttribute
159.22ms  1.1980us  cuDeviceGetAttribute
159.23ms  1.0940us  cuDeviceGetAttribute
159.23ms     990ns  cuDeviceGetAttribute
159.23ms  1.0940us  cuDeviceGetAttribute
159.23ms     989ns  cuDeviceGetAttribute
159.23ms  1.0420us  cuDeviceGetAttribute
159.24ms  1.0940us  cuDeviceGetAttribute
159.24ms  1.0420us  cuDeviceGetAttribute
159.24ms  1.0420us  cuDeviceGetAttribute
159.24ms  1.2500us  cuDeviceGetAttribute
159.24ms     938ns  cuDeviceGetAttribute
159.25ms  1.0940us  cuDeviceGetAttribute
159.25ms     989ns  cuDeviceGetAttribute
159.25ms  1.0930us  cuDeviceGetAttribute
159.25ms  1.3020us  cuDeviceGetAttribute
159.25ms     937ns  cuDeviceGetAttribute
159.26ms  1.0930us  cuDeviceGetAttribute
159.26ms  1.0940us  cuDeviceGetAttribute
159.26ms     990ns  cuDeviceGetAttribute
159.26ms  1.0940us  cuDeviceGetAttribute
159.26ms     937ns  cuDeviceGetAttribute
159.27ms  1.1450us  cuDeviceGetAttribute
159.27ms  1.2500us  cuDeviceGetAttribute
159.27ms     990ns  cuDeviceGetAttribute
159.27ms  1.0410us  cuDeviceGetAttribute
159.27ms  1.0420us  cuDeviceGetAttribute
159.28ms     990ns  cuDeviceGetAttribute
159.28ms  1.0940us  cuDeviceGetAttribute
159.28ms     989ns  cuDeviceGetAttribute
159.28ms  1.0930us  cuDeviceGetAttribute
159.28ms  1.0420us  cuDeviceGetAttribute
159.29ms     990ns  cuDeviceGetAttribute
159.29ms  1.0940us  cuDeviceGetAttribute
159.29ms  1.0940us  cuDeviceGetAttribute
159.29ms  29.688us  cuDeviceGetAttribute
159.32ms  1.1460us  cuDeviceGetAttribute
159.33ms  1.0420us  cuDeviceGetAttribute
159.33ms  1.1450us  cuDeviceGetAttribute
159.33ms  1.0940us  cuDeviceGetAttribute
159.33ms     990ns  cuDeviceGetAttribute
159.33ms  1.1460us  cuDeviceGetAttribute
159.34ms  1.1980us  cuDeviceGetAttribute
159.34ms     990ns  cuDeviceGetAttribute
159.34ms  1.0930us  cuDeviceGetAttribute
159.34ms  1.0420us  cuDeviceGetAttribute
159.34ms  1.1460us  cuDeviceGetAttribute
159.35ms  1.0940us  cuDeviceGetAttribute
159.35ms  1.2500us  cuDeviceGetAttribute
159.35ms  1.0930us  cuDeviceGetAttribute
159.35ms  1.0940us  cuDeviceGetAttribute
159.35ms     990ns  cuDeviceGetAttribute
159.36ms  1.5110us  cuDeviceGetAttribute
159.36ms  1.0420us  cuDeviceGetAttribute
159.36ms  1.0940us  cuDeviceGetAttribute
159.36ms  1.0420us  cuDeviceGetAttribute
159.36ms  18.959us  cuDeviceGetAttribute
159.38ms  1.3540us  cuDeviceGetAttribute
159.39ms  1.2500us  cuDeviceGetAttribute
159.39ms     990ns  cuDeviceGetAttribute
159.39ms  1.1450us  cuDeviceGetAttribute
159.39ms  1.0420us  cuDeviceGetAttribute
159.40ms  1.1980us  cuDeviceGetAttribute
159.40ms  1.1980us  cuDeviceGetAttribute
159.40ms  1.8230us  cuDeviceGetAttribute
159.40ms  1.3540us  cuDeviceGetAttribute
159.40ms  1.1980us  cuDeviceGetAttribute
159.41ms  1.0930us  cuDeviceGetAttribute
159.41ms  1.3540us  cuDeviceGetAttribute
159.41ms  1.1460us  cuDeviceGetAttribute
159.41ms  1.3020us  cuDeviceGetAttribute
159.42ms  1.1460us  cuDeviceGetAttribute
159.42ms  1.2500us  cuDeviceGetAttribute
159.42ms  1.0940us  cuDeviceGetAttribute
159.42ms  1.6150us  cuDeviceGetUuid
159.46ms  344.73ms  cudaMalloc
504.19ms  11.814ms  cudaLaunchKernel (setup_kernel(curandStateXORWOW*, int) [107])
516.01ms  31.251us  cudaMalloc
516.04ms  13.907us  cudaMalloc
516.06ms  15.677us  cudaMalloc
516.08ms  59.741us  cudaLaunchKernel (abc_algo(abc_info_s) [111])
516.14ms  3.15646s  cudaDeviceSynchronize
3.67263s  789.81us  cudaMemcpy
3.67453s  240.22us  cudaFree
3.67478s  264.23us  cudaFree
3.67505s  191.62us  cudaFree
3.67525s  1.1016ms  cudaFree
