==10113== NVPROF is profiling process 10113, command: ../bin/gpu
==10113== Some kernel(s) will be replayed on device 0 in order to collect all events/metrics.
==10113== Profiling application: ../bin/gpu
==10113== Profiling result:
==10113== Event result:
Invocations                                Event Name         Min         Max         Avg       Total
Device "NVIDIA Tegra X1 (0)"
    Kernel: abc_algo(abc_info_s)
          1                 tex0_cache_sector_queries      390697      390697      390697      390697
          1                 tex1_cache_sector_queries      390288      390288      390288      390288
          1                  tex0_cache_sector_misses      366984      366984      366984      366984
          1                  tex1_cache_sector_misses      366686      366686      366686      366686
          1              l2_subp0_write_sector_misses         305         305         305         305
          1              l2_subp1_write_sector_misses         229         229         229         229
          1               l2_subp0_read_sector_misses       39777       39777       39777       39777
          1               l2_subp1_read_sector_misses       39777       39777       39777       39777
          1          l2_subp0_read_tex_sector_queries      193770      193770      193770      193770
          1          l2_subp1_read_tex_sector_queries      166160      166160      166160      166160
          1         l2_subp0_write_tex_sector_queries      181581      181581      181581      181581
          1         l2_subp1_write_tex_sector_queries      160659      160659      160659      160659
          1             l2_subp0_read_tex_hit_sectors      193596      193596      193596      193596
          1             l2_subp1_read_tex_hit_sectors      165953      165953      165953      165953
          1            l2_subp0_write_tex_hit_sectors      181591      181591      181591      181591
          1            l2_subp1_write_tex_hit_sectors      160659      160659      160659      160659
          1        l2_subp0_total_read_sector_queries      223952      223952      223952      223952
          1        l2_subp1_total_read_sector_queries      166542      166542      166542      166542
          1       l2_subp0_total_write_sector_queries      181667      181667      181667      181667
          1       l2_subp1_total_write_sector_queries      160637      160637      160637      160637
          1       l2_subp0_read_sysmem_sector_queries           0           0           0           0
          1       l2_subp1_read_sysmem_sector_queries           0           0           0           0
          1      l2_subp0_write_sysmem_sector_queries           0           0           0           0
          1      l2_subp1_write_sysmem_sector_queries           0           0           0           0
          1                         elapsed_cycles_sm     9848264     9848264     9848264     9848264
          1                             gld_inst_8bit           0           0           0           0
          1                            gld_inst_16bit           0           0           0           0
          1                            gld_inst_32bit      189539      189539      189539      189539
          1                            gld_inst_64bit      290016      290016      290016      290016
          1                           gld_inst_128bit           0           0           0           0
          1                             gst_inst_8bit           0           0           0           0
          1                            gst_inst_16bit           0           0           0           0
          1                            gst_inst_32bit       32844       32844       32844       32844
          1                            gst_inst_64bit      289689      289689      289689      289689
          1                           gst_inst_128bit           0           0           0           0
          1                           prof_trigger_00           0           0           0           0
          1                           prof_trigger_01           0           0           0           0
          1                           prof_trigger_02           0           0           0           0
          1                           prof_trigger_03           0           0           0           0
          1                           prof_trigger_04           0           0           0           0
          1                           prof_trigger_05           0           0           0           0
          1                           prof_trigger_06           0           0           0           0
          1                           prof_trigger_07           0           0           0           0
          1                            warps_launched           8           8           8           8
          1                              inst_issued0    34547795    34547795    34547795    34547795
          1                              inst_issued1     4149675     4149675     4149675     4149675
          1                              inst_issued2      642248      642248      642248      642248
          1                             inst_executed     3699696     3699696     3699696     3699696
          1                      thread_inst_executed    91579098    91579098    91579098    91579098
          1   not_predicated_off_thread_inst_executed    89182536    89182536    89182536    89182536
          1                               local_store        6192        6192        6192        6192
          1                                local_load        9170        9170        9170        9170
          1                               shared_load      575639      575639      575639      575639
          1                              shared_store       17196       17196       17196       17196
          1                           shared_atom_cas         543         543         543         543
          1                               shared_atom           8           8           8           8
          1                           global_atom_cas           0           0           0           0
          1                                atom_count           0           0           0           0
          1                                gred_count           0           0           0           0
          1                               global_load        9312        9312        9312        9312
          1                              global_store        8175        8175        8175        8175
          1                          divergent_branch        4168        4168        4168        4168
          1                                    branch      736394      736394      736394      736394
          1                             active_cycles     9846690     9846690     9846690     9846690
          1                              active_warps    78771732    78771732    78771732    78771732
          1                               active_ctas     9835542     9835542     9835542     9835542
          1                           sm_cta_launched           1           1           1           1
          1                   shared_ld_bank_conflict        6050        6050        6050        6050
          1                   shared_st_bank_conflict        6050        6050        6050        6050
          1                    shared_ld_transactions      581347      581347      581347      581347
          1                    shared_st_transactions       20500       20500       20500       20500
    Kernel: setup_kernel(curandStateXORWOW*, int)
          1                 tex0_cache_sector_queries       96467       96467       96467       96467
          1                 tex1_cache_sector_queries       83532       83532       83532       83532
          1                  tex0_cache_sector_misses       25732       25732       25732       25732
          1                  tex1_cache_sector_misses       29092       29092       29092       29092
          1              l2_subp0_write_sector_misses         313         313         313         313
          1              l2_subp1_write_sector_misses         222         222         222         222
          1               l2_subp0_read_sector_misses        1146        1146        1146        1146
          1               l2_subp1_read_sector_misses        1146        1146        1146        1146
          1          l2_subp0_read_tex_sector_queries       27260       27260       27260       27260
          1          l2_subp1_read_tex_sector_queries       22860       22860       22860       22860
          1         l2_subp0_write_tex_sector_queries        2023        2023        2023        2023
          1         l2_subp1_write_tex_sector_queries        1561        1561        1561        1561
          1             l2_subp0_read_tex_hit_sectors       27260       27260       27260       27260
          1             l2_subp1_read_tex_hit_sectors       22860       22860       22860       22860
          1            l2_subp0_write_tex_hit_sectors        2023        2023        2023        2023
          1            l2_subp1_write_tex_hit_sectors        1561        1561        1561        1561
          1        l2_subp0_total_read_sector_queries       28567       28567       28567       28567
          1        l2_subp1_total_read_sector_queries       22950       22950       22950       22950
          1       l2_subp0_total_write_sector_queries        2037        2037        2037        2037
          1       l2_subp1_total_write_sector_queries        1570        1570        1570        1570
          1       l2_subp0_read_sysmem_sector_queries           0           0           0           0
          1       l2_subp1_read_sysmem_sector_queries           0           0           0           0
          1      l2_subp0_write_sysmem_sector_queries           0           0           0           0
          1      l2_subp1_write_sysmem_sector_queries           0           0           0           0
          1                         elapsed_cycles_sm      233723      233723      233723      233723
          1                             gld_inst_8bit           0           0           0           0
          1                            gld_inst_16bit           0           0           0           0
          1                            gld_inst_32bit      608915      608915      608915      608915
          1                            gld_inst_64bit           0           0           0           0
          1                           gld_inst_128bit           0           0           0           0
          1                             gst_inst_8bit           0           0           0           0
          1                            gst_inst_16bit           0           0           0           0
          1                            gst_inst_32bit         512         512         512         512
          1                            gst_inst_64bit        1792        1792        1792        1792
          1                           gst_inst_128bit           0           0           0           0
          1                           prof_trigger_00           0           0           0           0
          1                           prof_trigger_01           0           0           0           0
          1                           prof_trigger_02           0           0           0           0
          1                           prof_trigger_03           0           0           0           0
          1                           prof_trigger_04           0           0           0           0
          1                           prof_trigger_05           0           0           0           0
          1                           prof_trigger_06           0           0           0           0
          1                           prof_trigger_07           0           0           0           0
          1                            warps_launched           8           8           8           8
          1                              inst_issued0      697093      697093      697093      697093
          1                              inst_issued1       53674       53674       53674       53674
          1                              inst_issued2       49371       49371       49371       49371
          1                             inst_executed      152354      152354      152354      152354
          1                      thread_inst_executed     3096658     3096658     3096658     3096658
          1   not_predicated_off_thread_inst_executed     1858942     1858942     1858942     1858942
          1                               local_store         174         174         174         174
          1                                local_load          24          24          24          24
          1                               shared_load           0           0           0           0
          1                              shared_store           0           0           0           0
          1                           shared_atom_cas           0           0           0           0
          1                               shared_atom           0           0           0           0
          1                           global_atom_cas           0           0           0           0
          1                                atom_count           0           0           0           0
          1                                gred_count           0           0           0           0
          1                               global_load       60800       60800       60800       60800
          1                              global_store          72          72          72          72
          1                          divergent_branch          38          38          38          38
          1                                    branch         274         274         274         274
          1                             active_cycles      232054      232054      232054      232054
          1                              active_warps     1461200     1461200     1461200     1461200
          1                               active_ctas      230703      230703      230703      230703
          1                           sm_cta_launched           1           1           1           1
          1                   shared_ld_bank_conflict           0           0           0           0
          1                   shared_st_bank_conflict           0           0           0           0
          1                    shared_ld_transactions           0           0           0           0
          1                    shared_st_transactions           0           0           0           0
